<?xml version="1.0" encoding="UTF-8"?>
<testsuite name="testcases.InvestmentSimulationTestCases" tests="6" skipped="0" failures="0" errors="0" timestamp="2019-03-04T22:04:14" hostname="ilegra" time="18.353">
  <properties/>
  <testcase name="savingsInvestmentSuccessfulTest(ArgumentsAccessor)[1]" classname="testcases.InvestmentSimulationTestCases" time="3.123"/>
  <testcase name="savingsInvestmentSuccessfulTest(ArgumentsAccessor)[2]" classname="testcases.InvestmentSimulationTestCases" time="3.014"/>
  <testcase name="savingsInvestmentSuccessfulTest(ArgumentsAccessor)[3]" classname="testcases.InvestmentSimulationTestCases" time="3.066"/>
  <testcase name="savingsInvestmentSuccessfulTest(ArgumentsAccessor)[4]" classname="testcases.InvestmentSimulationTestCases" time="3.04"/>
  <testcase name="savingsInvestmentSuccessfulTest(ArgumentsAccessor)[5]" classname="testcases.InvestmentSimulationTestCases" time="3.065"/>
  <testcase name="savingsInvestmentFailTest(ArgumentsAccessor)[1]" classname="testcases.InvestmentSimulationTestCases" time="3.01"/>
  <system-out><![CDATA[]]></system-out>
  <system-err><![CDATA[SLF4J: Failed to load class "org.slf4j.impl.StaticLoggerBinder".
SLF4J: Defaulting to no-operation (NOP) logger implementation
SLF4J: See http://www.slf4j.org/codes.html#StaticLoggerBinder for further details.
Starting ChromeDriver 2.46.628388 (4a34a70827ac54148e092aafb70504c4ea7ae926) on port 6490
Only local connections are allowed.
Please protect ports used by ChromeDriver and related test frameworks to prevent access by malicious code.
Starting ChromeDriver 2.46.628388 (4a34a70827ac54148e092aafb70504c4ea7ae926) on port 8699
Only local connections are allowed.
Please protect ports used by ChromeDriver and related test frameworks to prevent access by malicious code.
Starting ChromeDriver 2.46.628388 (4a34a70827ac54148e092aafb70504c4ea7ae926) on port 24200
Only local connections are allowed.
Please protect ports used by ChromeDriver and related test frameworks to prevent access by malicious code.
Starting ChromeDriver 2.46.628388 (4a34a70827ac54148e092aafb70504c4ea7ae926) on port 14625
Only local connections are allowed.
Please protect ports used by ChromeDriver and related test frameworks to prevent access by malicious code.
Starting ChromeDriver 2.46.628388 (4a34a70827ac54148e092aafb70504c4ea7ae926) on port 14377
Only local connections are allowed.
Please protect ports used by ChromeDriver and related test frameworks to prevent access by malicious code.
Starting ChromeDriver 2.46.628388 (4a34a70827ac54148e092aafb70504c4ea7ae926) on port 24464
Only local connections are allowed.
Please protect ports used by ChromeDriver and related test frameworks to prevent access by malicious code.
]]></system-err>
</testsuite>
