<?xml version="1.0" encoding="UTF-8"?>
<testsuite name="api.SavingsInvestmentsAPITests" tests="1" skipped="0" failures="0" errors="0" timestamp="2019-03-02T13:05:28" hostname="ilegra" time="2.275">
  <properties/>
  <testcase name="savingsInvestmentsGETTest()" classname="api.SavingsInvestmentsAPITests" time="2.275"/>
  <system-out><![CDATA[]]></system-out>
  <system-err><![CDATA[]]></system-err>
</testsuite>
